Determining if the pthread_create exist failed with the following output:
Change Dir: /home/vibhatha/catkin_ws/src/publisher_node/cmake-build-debug/CMakeFiles/CMakeTmp

Run Build Command:"/usr/bin/make" "cmTC_55e64/fast"
/usr/bin/make -f CMakeFiles/cmTC_55e64.dir/build.make CMakeFiles/cmTC_55e64.dir/build
make[1]: Entering directory '/home/vibhatha/catkin_ws/src/publisher_node/cmake-build-debug/CMakeFiles/CMakeTmp'
Building C object CMakeFiles/cmTC_55e64.dir/CheckSymbolExists.c.o
/usr/bin/cc    -o CMakeFiles/cmTC_55e64.dir/CheckSymbolExists.c.o   -c /home/vibhatha/catkin_ws/src/publisher_node/cmake-build-debug/CMakeFiles/CMakeTmp/CheckSymbolExists.c
Linking C executable cmTC_55e64
/opt/clion-2018.2.6/bin/cmake/linux/bin/cmake -E cmake_link_script CMakeFiles/cmTC_55e64.dir/link.txt --verbose=1
/usr/bin/cc      -rdynamic CMakeFiles/cmTC_55e64.dir/CheckSymbolExists.c.o  -o cmTC_55e64 
CMakeFiles/cmTC_55e64.dir/CheckSymbolExists.c.o: In function `main':
CheckSymbolExists.c:(.text+0x16): undefined reference to `pthread_create'
collect2: error: ld returned 1 exit status
CMakeFiles/cmTC_55e64.dir/build.make:86: recipe for target 'cmTC_55e64' failed
make[1]: *** [cmTC_55e64] Error 1
make[1]: Leaving directory '/home/vibhatha/catkin_ws/src/publisher_node/cmake-build-debug/CMakeFiles/CMakeTmp'
Makefile:121: recipe for target 'cmTC_55e64/fast' failed
make: *** [cmTC_55e64/fast] Error 2

File /home/vibhatha/catkin_ws/src/publisher_node/cmake-build-debug/CMakeFiles/CMakeTmp/CheckSymbolExists.c:
/* */
#include <pthread.h>

int main(int argc, char** argv)
{
  (void)argv;
#ifndef pthread_create
  return ((int*)(&pthread_create))[argc];
#else
  (void)argc;
  return 0;
#endif
}

Determining if the function pthread_create exists in the pthreads failed with the following output:
Change Dir: /home/vibhatha/catkin_ws/src/publisher_node/cmake-build-debug/CMakeFiles/CMakeTmp

Run Build Command:"/usr/bin/make" "cmTC_4b035/fast"
/usr/bin/make -f CMakeFiles/cmTC_4b035.dir/build.make CMakeFiles/cmTC_4b035.dir/build
make[1]: Entering directory '/home/vibhatha/catkin_ws/src/publisher_node/cmake-build-debug/CMakeFiles/CMakeTmp'
Building C object CMakeFiles/cmTC_4b035.dir/CheckFunctionExists.c.o
/usr/bin/cc   -DCHECK_FUNCTION_EXISTS=pthread_create   -o CMakeFiles/cmTC_4b035.dir/CheckFunctionExists.c.o   -c /opt/clion-2018.2.6/bin/cmake/linux/share/cmake-3.12/Modules/CheckFunctionExists.c
Linking C executable cmTC_4b035
/opt/clion-2018.2.6/bin/cmake/linux/bin/cmake -E cmake_link_script CMakeFiles/cmTC_4b035.dir/link.txt --verbose=1
/usr/bin/cc  -DCHECK_FUNCTION_EXISTS=pthread_create    -rdynamic CMakeFiles/cmTC_4b035.dir/CheckFunctionExists.c.o  -o cmTC_4b035 -lpthreads 
/usr/bin/ld: cannot find -lpthreads
collect2: error: ld returned 1 exit status
CMakeFiles/cmTC_4b035.dir/build.make:86: recipe for target 'cmTC_4b035' failed
make[1]: *** [cmTC_4b035] Error 1
make[1]: Leaving directory '/home/vibhatha/catkin_ws/src/publisher_node/cmake-build-debug/CMakeFiles/CMakeTmp'
Makefile:121: recipe for target 'cmTC_4b035/fast' failed
make: *** [cmTC_4b035/fast] Error 2


