Determining if the pthread_create exist failed with the following output:
Change Dir: /home/vibhatha/catkin_ws/src/rosopencv/cmake-build-debug/CMakeFiles/CMakeTmp

Run Build Command:"/usr/bin/make" "cmTC_cdddd/fast"
/usr/bin/make -f CMakeFiles/cmTC_cdddd.dir/build.make CMakeFiles/cmTC_cdddd.dir/build
make[1]: Entering directory '/home/vibhatha/catkin_ws/src/rosopencv/cmake-build-debug/CMakeFiles/CMakeTmp'
Building C object CMakeFiles/cmTC_cdddd.dir/CheckSymbolExists.c.o
/usr/bin/cc    -o CMakeFiles/cmTC_cdddd.dir/CheckSymbolExists.c.o   -c /home/vibhatha/catkin_ws/src/rosopencv/cmake-build-debug/CMakeFiles/CMakeTmp/CheckSymbolExists.c
Linking C executable cmTC_cdddd
/opt/clion-2018.2.6/bin/cmake/linux/bin/cmake -E cmake_link_script CMakeFiles/cmTC_cdddd.dir/link.txt --verbose=1
/usr/bin/cc      -rdynamic CMakeFiles/cmTC_cdddd.dir/CheckSymbolExists.c.o  -o cmTC_cdddd 
CMakeFiles/cmTC_cdddd.dir/CheckSymbolExists.c.o: In function `main':
CheckSymbolExists.c:(.text+0x16): undefined reference to `pthread_create'
collect2: error: ld returned 1 exit status
CMakeFiles/cmTC_cdddd.dir/build.make:86: recipe for target 'cmTC_cdddd' failed
make[1]: *** [cmTC_cdddd] Error 1
make[1]: Leaving directory '/home/vibhatha/catkin_ws/src/rosopencv/cmake-build-debug/CMakeFiles/CMakeTmp'
Makefile:121: recipe for target 'cmTC_cdddd/fast' failed
make: *** [cmTC_cdddd/fast] Error 2

File /home/vibhatha/catkin_ws/src/rosopencv/cmake-build-debug/CMakeFiles/CMakeTmp/CheckSymbolExists.c:
/* */
#include <pthread.h>

int main(int argc, char** argv)
{
  (void)argv;
#ifndef pthread_create
  return ((int*)(&pthread_create))[argc];
#else
  (void)argc;
  return 0;
#endif
}

Determining if the function pthread_create exists in the pthreads failed with the following output:
Change Dir: /home/vibhatha/catkin_ws/src/rosopencv/cmake-build-debug/CMakeFiles/CMakeTmp

Run Build Command:"/usr/bin/make" "cmTC_117d2/fast"
/usr/bin/make -f CMakeFiles/cmTC_117d2.dir/build.make CMakeFiles/cmTC_117d2.dir/build
make[1]: Entering directory '/home/vibhatha/catkin_ws/src/rosopencv/cmake-build-debug/CMakeFiles/CMakeTmp'
Building C object CMakeFiles/cmTC_117d2.dir/CheckFunctionExists.c.o
/usr/bin/cc   -DCHECK_FUNCTION_EXISTS=pthread_create   -o CMakeFiles/cmTC_117d2.dir/CheckFunctionExists.c.o   -c /opt/clion-2018.2.6/bin/cmake/linux/share/cmake-3.12/Modules/CheckFunctionExists.c
Linking C executable cmTC_117d2
/opt/clion-2018.2.6/bin/cmake/linux/bin/cmake -E cmake_link_script CMakeFiles/cmTC_117d2.dir/link.txt --verbose=1
/usr/bin/cc  -DCHECK_FUNCTION_EXISTS=pthread_create    -rdynamic CMakeFiles/cmTC_117d2.dir/CheckFunctionExists.c.o  -o cmTC_117d2 -lpthreads 
/usr/bin/ld: cannot find -lpthreads
collect2: error: ld returned 1 exit status
CMakeFiles/cmTC_117d2.dir/build.make:86: recipe for target 'cmTC_117d2' failed
make[1]: *** [cmTC_117d2] Error 1
make[1]: Leaving directory '/home/vibhatha/catkin_ws/src/rosopencv/cmake-build-debug/CMakeFiles/CMakeTmp'
Makefile:121: recipe for target 'cmTC_117d2/fast' failed
make: *** [cmTC_117d2/fast] Error 2


